<?xml version="1.0" encoding="UTF-8"?>
<robot generator="Robot 6.0.1 (Python 3.11.0 on win32)" generated="20221205 17:36:49.304" rpa="false" schemaversion="3">
<suite id="s1" name="Challenge Robotframework" source="C:\Users\lilhr\OneDrive\Документи\projects\challenge_robotframework">
<suite id="s1-s1" name="Test Login Rf" source="C:\Users\lilhr\OneDrive\Документи\projects\challenge_robotframework\test_login_rf.robot">
<test id="s1-s1-t1" name="Login to the system" line="20">
<kw name=" Open login page">
<kw name="Open Browser" library="SeleniumLibrary">
<arg>${LOGIN URL}</arg>
<arg>${BROWSER}</arg>
<doc>Opens a new browser instance to the optional ``url``.</doc>
<msg timestamp="20221205 17:36:49.732" level="INFO">Opening browser 'Chrome' to base url 'https://scouts.futbolkolektyw.pl/en/'.</msg>
<status status="PASS" starttime="20221205 17:36:49.732" endtime="20221205 17:36:51.753"/>
</kw>
<kw name="Title Should Be" library="SeleniumLibrary">
<arg>Scouts panel - sign in</arg>
<doc>Verifies that the current page title equals ``title``.</doc>
<msg timestamp="20221205 17:36:51.762" level="INFO">Page title is 'Scouts panel - sign in'.</msg>
<status status="PASS" starttime="20221205 17:36:51.754" endtime="20221205 17:36:51.763"/>
</kw>
<status status="PASS" starttime="20221205 17:36:49.732" endtime="20221205 17:36:51.763"/>
</kw>
<kw name=" Type in email">
<kw name="Input Text" library="SeleniumLibrary">
<arg>${EMAILINPUT}</arg>
<arg>user01@getnada.com</arg>
<doc>Types the given ``text`` into the text field identified by ``locator``.</doc>
<msg timestamp="20221205 17:36:51.766" level="INFO">Typing text 'user01@getnada.com' into text field 'xpath=//input[@name='login']'.</msg>
<status status="PASS" starttime="20221205 17:36:51.765" endtime="20221205 17:36:52.031"/>
</kw>
<status status="PASS" starttime="20221205 17:36:51.764" endtime="20221205 17:36:52.032"/>
</kw>
<kw name=" Type in password">
<kw name="Input Text" library="SeleniumLibrary">
<arg>${PASSWORDINPUT}</arg>
<arg>Test-1234</arg>
<doc>Types the given ``text`` into the text field identified by ``locator``.</doc>
<msg timestamp="20221205 17:36:52.036" level="INFO">Typing text 'Test-1234' into text field 'xpath=//input[@id='password']'.</msg>
<status status="PASS" starttime="20221205 17:36:52.034" endtime="20221205 17:36:52.228"/>
</kw>
<status status="PASS" starttime="20221205 17:36:52.033" endtime="20221205 17:36:52.228"/>
</kw>
<kw name=" Click on the submit button">
<kw name="Click Element" library="SeleniumLibrary">
<arg>${SIGN IN BUTTON}</arg>
<doc>Click the element identified by ``locator``.</doc>
<msg timestamp="20221205 17:36:52.228" level="INFO">Clicking element 'xpath=//button[@type='submit']'.</msg>
<status status="PASS" starttime="20221205 17:36:52.228" endtime="20221205 17:36:52.329"/>
</kw>
<status status="PASS" starttime="20221205 17:36:52.228" endtime="20221205 17:36:52.329"/>
</kw>
<kw name=" Assert dashboard">
<kw name="Wait Until Element Is Visible" library="SeleniumLibrary">
<arg>${PAGE LOGO}</arg>
<doc>Waits until the element ``locator`` is visible.</doc>
<status status="PASS" starttime="20221205 17:36:52.329" endtime="20221205 17:36:53.682"/>
</kw>
<kw name="Title Should Be" library="SeleniumLibrary">
<arg>Scouts panel</arg>
<doc>Verifies that the current page title equals ``title``.</doc>
<msg timestamp="20221205 17:36:53.942" level="INFO" html="true">&lt;/td&gt;&lt;/tr&gt;&lt;tr&gt;&lt;td colspan="3"&gt;&lt;a href="selenium-screenshot-1.png"&gt;&lt;img src="selenium-screenshot-1.png" width="800px"&gt;&lt;/a&gt;</msg>
<msg timestamp="20221205 17:36:53.942" level="FAIL">Title should have been 'Scouts panel' but was 'PANEL SKAUTINGOWY'.</msg>
<status status="FAIL" starttime="20221205 17:36:53.682" endtime="20221205 17:36:53.950"/>
</kw>
<kw name="Capture Page Screenshot" library="SeleniumLibrary">
<arg>alert.png</arg>
<doc>Takes a screenshot of the current page and embeds it into a log file.</doc>
<status status="NOT RUN" starttime="20221205 17:36:53.950" endtime="20221205 17:36:53.950"/>
</kw>
<status status="FAIL" starttime="20221205 17:36:52.329" endtime="20221205 17:36:53.950"/>
</kw>
<kw name="Close Browser" library="SeleniumLibrary" type="TEARDOWN">
<doc>Closes the current browser.</doc>
<status status="PASS" starttime="20221205 17:36:53.950" endtime="20221205 17:36:56.120"/>
</kw>
<status status="FAIL" starttime="20221205 17:36:49.732" endtime="20221205 17:36:56.120">Title should have been 'Scouts panel' but was 'PANEL SKAUTINGOWY'.</status>
</test>
<test id="s1-s1-t2" name="Check the title" line="28">
<kw name="Open Browser" library="SeleniumLibrary">
<arg>${LOGIN URL}</arg>
<arg>${BROWSER}</arg>
<doc>Opens a new browser instance to the optional ``url``.</doc>
<msg timestamp="20221205 17:36:56.120" level="INFO">Opening browser 'Chrome' to base url 'https://scouts.futbolkolektyw.pl/en/'.</msg>
<status status="PASS" starttime="20221205 17:36:56.120" endtime="20221205 17:36:58.126"/>
</kw>
<kw name="Title Should Be" library="SeleniumLibrary">
<arg>Scouts panel - sign in</arg>
<doc>Verifies that the current page title equals ``title``.</doc>
<msg timestamp="20221205 17:36:58.134" level="INFO">Page title is 'Scouts panel - sign in'.</msg>
<status status="PASS" starttime="20221205 17:36:58.126" endtime="20221205 17:36:58.134"/>
</kw>
<kw name="Close Browser" library="SeleniumLibrary" type="TEARDOWN">
<doc>Closes the current browser.</doc>
<status status="PASS" starttime="20221205 17:36:58.134" endtime="20221205 17:37:00.304"/>
</kw>
<status status="PASS" starttime="20221205 17:36:56.120" endtime="20221205 17:37:00.304"/>
</test>
<test id="s1-s1-t3" name="Test wrong credentials" line="33">
<kw name=" Open login page">
<kw name="Open Browser" library="SeleniumLibrary">
<arg>${LOGIN URL}</arg>
<arg>${BROWSER}</arg>
<doc>Opens a new browser instance to the optional ``url``.</doc>
<msg timestamp="20221205 17:37:00.304" level="INFO">Opening browser 'Chrome' to base url 'https://scouts.futbolkolektyw.pl/en/'.</msg>
<status status="PASS" starttime="20221205 17:37:00.304" endtime="20221205 17:37:02.202"/>
</kw>
<kw name="Title Should Be" library="SeleniumLibrary">
<arg>Scouts panel - sign in</arg>
<doc>Verifies that the current page title equals ``title``.</doc>
<msg timestamp="20221205 17:37:02.212" level="INFO">Page title is 'Scouts panel - sign in'.</msg>
<status status="PASS" starttime="20221205 17:37:02.202" endtime="20221205 17:37:02.212"/>
</kw>
<status status="PASS" starttime="20221205 17:37:00.304" endtime="20221205 17:37:02.212"/>
</kw>
<kw name=" Type in wrong email">
<kw name="Input Text" library="SeleniumLibrary">
<arg>${EMAILINPUT}</arg>
<arg>user@getnada.com</arg>
<doc>Types the given ``text`` into the text field identified by ``locator``.</doc>
<msg timestamp="20221205 17:37:02.222" level="INFO">Typing text 'user@getnada.com' into text field 'xpath=//input[@name='login']'.</msg>
<status status="PASS" starttime="20221205 17:37:02.221" endtime="20221205 17:37:02.483"/>
</kw>
<status status="PASS" starttime="20221205 17:37:02.212" endtime="20221205 17:37:02.484"/>
</kw>
<kw name=" Type in wrong password">
<kw name="Input Text" library="SeleniumLibrary">
<arg>${PASSWORDINPUT}</arg>
<arg>Test-12345</arg>
<doc>Types the given ``text`` into the text field identified by ``locator``.</doc>
<msg timestamp="20221205 17:37:02.488" level="INFO">Typing text 'Test-12345' into text field 'xpath=//input[@id='password']'.</msg>
<status status="PASS" starttime="20221205 17:37:02.486" endtime="20221205 17:37:02.647"/>
</kw>
<status status="PASS" starttime="20221205 17:37:02.485" endtime="20221205 17:37:02.648"/>
</kw>
<kw name=" Click on the submit button">
<kw name="Click Element" library="SeleniumLibrary">
<arg>${SIGN IN BUTTON}</arg>
<doc>Click the element identified by ``locator``.</doc>
<msg timestamp="20221205 17:37:02.651" level="INFO">Clicking element 'xpath=//button[@type='submit']'.</msg>
<status status="PASS" starttime="20221205 17:37:02.649" endtime="20221205 17:37:02.716"/>
</kw>
<status status="PASS" starttime="20221205 17:37:02.648" endtime="20221205 17:37:02.716"/>
</kw>
<kw name=" Assert remind password">
<kw name="Wait Until Element Is Visible" library="SeleniumLibrary">
<arg>${REMINDPASSWORD}</arg>
<doc>Waits until the element ``locator`` is visible.</doc>
<status status="PASS" starttime="20221205 17:37:02.719" endtime="20221205 17:37:02.747"/>
</kw>
<kw name="Page Should Contain" library="SeleniumLibrary">
<arg>Remind password</arg>
<doc>Verifies that current page contains ``text``.</doc>
<msg timestamp="20221205 17:37:02.774" level="INFO">Current page contains text 'Remind password'.</msg>
<status status="PASS" starttime="20221205 17:37:02.747" endtime="20221205 17:37:02.774"/>
</kw>
<kw name="Capture Page Screenshot" library="SeleniumLibrary">
<arg>alert.png</arg>
<doc>Takes a screenshot of the current page and embeds it into a log file.</doc>
<msg timestamp="20221205 17:37:03.072" level="INFO" html="true">&lt;/td&gt;&lt;/tr&gt;&lt;tr&gt;&lt;td colspan="3"&gt;&lt;a href="alert.png"&gt;&lt;img src="alert.png" width="800px"&gt;&lt;/a&gt;</msg>
<status status="PASS" starttime="20221205 17:37:02.774" endtime="20221205 17:37:03.072"/>
</kw>
<status status="PASS" starttime="20221205 17:37:02.717" endtime="20221205 17:37:03.072"/>
</kw>
<kw name="Close Browser" library="SeleniumLibrary" type="TEARDOWN">
<doc>Closes the current browser.</doc>
<status status="PASS" starttime="20221205 17:37:03.072" endtime="20221205 17:37:05.227"/>
</kw>
<status status="PASS" starttime="20221205 17:37:00.304" endtime="20221205 17:37:05.227"/>
</test>
<test id="s1-s1-t4" name="Test remind password" line="41">
<kw name=" Open login page">
<kw name="Open Browser" library="SeleniumLibrary">
<arg>${LOGIN URL}</arg>
<arg>${BROWSER}</arg>
<doc>Opens a new browser instance to the optional ``url``.</doc>
<msg timestamp="20221205 17:37:05.232" level="INFO">Opening browser 'Chrome' to base url 'https://scouts.futbolkolektyw.pl/en/'.</msg>
<status status="PASS" starttime="20221205 17:37:05.231" endtime="20221205 17:37:07.384"/>
</kw>
<kw name="Title Should Be" library="SeleniumLibrary">
<arg>Scouts panel - sign in</arg>
<doc>Verifies that the current page title equals ``title``.</doc>
<msg timestamp="20221205 17:37:07.391" level="INFO">Page title is 'Scouts panel - sign in'.</msg>
<status status="PASS" starttime="20221205 17:37:07.384" endtime="20221205 17:37:07.391"/>
</kw>
<status status="PASS" starttime="20221205 17:37:05.227" endtime="20221205 17:37:07.391"/>
</kw>
<kw name=" Type in wrong email">
<kw name="Input Text" library="SeleniumLibrary">
<arg>${EMAILINPUT}</arg>
<arg>user@getnada.com</arg>
<doc>Types the given ``text`` into the text field identified by ``locator``.</doc>
<msg timestamp="20221205 17:37:07.399" level="INFO">Typing text 'user@getnada.com' into text field 'xpath=//input[@name='login']'.</msg>
<status status="PASS" starttime="20221205 17:37:07.399" endtime="20221205 17:37:07.634"/>
</kw>
<status status="PASS" starttime="20221205 17:37:07.399" endtime="20221205 17:37:07.634"/>
</kw>
<kw name=" Type in wrong password">
<kw name="Input Text" library="SeleniumLibrary">
<arg>${PASSWORDINPUT}</arg>
<arg>Test-12345</arg>
<doc>Types the given ``text`` into the text field identified by ``locator``.</doc>
<msg timestamp="20221205 17:37:07.639" level="INFO">Typing text 'Test-12345' into text field 'xpath=//input[@id='password']'.</msg>
<status status="PASS" starttime="20221205 17:37:07.637" endtime="20221205 17:37:07.845"/>
</kw>
<status status="PASS" starttime="20221205 17:37:07.635" endtime="20221205 17:37:07.846"/>
</kw>
<kw name=" Click on the submit button">
<kw name="Click Element" library="SeleniumLibrary">
<arg>${SIGN IN BUTTON}</arg>
<doc>Click the element identified by ``locator``.</doc>
<msg timestamp="20221205 17:37:07.848" level="INFO">Clicking element 'xpath=//button[@type='submit']'.</msg>
<status status="PASS" starttime="20221205 17:37:07.847" endtime="20221205 17:37:07.921"/>
</kw>
<status status="PASS" starttime="20221205 17:37:07.846" endtime="20221205 17:37:07.921"/>
</kw>
<kw name=" Click on the remind password button">
<kw name="Wait Until Element Is Visible" library="SeleniumLibrary">
<arg>${REMINDPASSWORD}</arg>
<doc>Waits until the element ``locator`` is visible.</doc>
<status status="PASS" starttime="20221205 17:37:07.923" endtime="20221205 17:37:07.966"/>
</kw>
<kw name="Click Element" library="SeleniumLibrary">
<arg>${REMINDPASSWORD}</arg>
<doc>Click the element identified by ``locator``.</doc>
<msg timestamp="20221205 17:37:07.966" level="INFO">Clicking element 'xpath=//*[@id="__next"]/form/div/div[1]/a'.</msg>
<status status="PASS" starttime="20221205 17:37:07.966" endtime="20221205 17:37:08.057"/>
</kw>
<kw name="Title Should Be" library="SeleniumLibrary">
<arg>Remind password</arg>
<doc>Verifies that the current page title equals ``title``.</doc>
<msg timestamp="20221205 17:37:08.076" level="INFO">Page title is 'Remind password'.</msg>
<status status="PASS" starttime="20221205 17:37:08.057" endtime="20221205 17:37:08.076"/>
</kw>
<status status="PASS" starttime="20221205 17:37:07.922" endtime="20221205 17:37:08.076"/>
</kw>
<kw name="Close Browser" library="SeleniumLibrary" type="TEARDOWN">
<doc>Closes the current browser.</doc>
<status status="PASS" starttime="20221205 17:37:08.076" endtime="20221205 17:37:10.221"/>
</kw>
<status status="PASS" starttime="20221205 17:37:05.227" endtime="20221205 17:37:10.221"/>
</test>
<test id="s1-s1-t5" name="Test sign out" line="49">
<kw name=" Open login page">
<kw name="Open Browser" library="SeleniumLibrary">
<arg>${LOGIN URL}</arg>
<arg>${BROWSER}</arg>
<doc>Opens a new browser instance to the optional ``url``.</doc>
<msg timestamp="20221205 17:37:10.221" level="INFO">Opening browser 'Chrome' to base url 'https://scouts.futbolkolektyw.pl/en/'.</msg>
<status status="PASS" starttime="20221205 17:37:10.221" endtime="20221205 17:37:12.199"/>
</kw>
<kw name="Title Should Be" library="SeleniumLibrary">
<arg>Scouts panel - sign in</arg>
<doc>Verifies that the current page title equals ``title``.</doc>
<msg timestamp="20221205 17:37:12.203" level="INFO">Page title is 'Scouts panel - sign in'.</msg>
<status status="PASS" starttime="20221205 17:37:12.199" endtime="20221205 17:37:12.203"/>
</kw>
<status status="PASS" starttime="20221205 17:37:10.221" endtime="20221205 17:37:12.203"/>
</kw>
<kw name=" Type in email">
<kw name="Input Text" library="SeleniumLibrary">
<arg>${EMAILINPUT}</arg>
<arg>user01@getnada.com</arg>
<doc>Types the given ``text`` into the text field identified by ``locator``.</doc>
<msg timestamp="20221205 17:37:12.211" level="INFO">Typing text 'user01@getnada.com' into text field 'xpath=//input[@name='login']'.</msg>
<status status="PASS" starttime="20221205 17:37:12.211" endtime="20221205 17:37:12.516"/>
</kw>
<status status="PASS" starttime="20221205 17:37:12.203" endtime="20221205 17:37:12.517"/>
</kw>
<kw name=" Type in password">
<kw name="Input Text" library="SeleniumLibrary">
<arg>${PASSWORDINPUT}</arg>
<arg>Test-1234</arg>
<doc>Types the given ``text`` into the text field identified by ``locator``.</doc>
<msg timestamp="20221205 17:37:12.519" level="INFO">Typing text 'Test-1234' into text field 'xpath=//input[@id='password']'.</msg>
<status status="PASS" starttime="20221205 17:37:12.518" endtime="20221205 17:37:12.727"/>
</kw>
<status status="PASS" starttime="20221205 17:37:12.517" endtime="20221205 17:37:12.727"/>
</kw>
<kw name=" Click on the submit button">
<kw name="Click Element" library="SeleniumLibrary">
<arg>${SIGN IN BUTTON}</arg>
<doc>Click the element identified by ``locator``.</doc>
<msg timestamp="20221205 17:37:12.731" level="INFO">Clicking element 'xpath=//button[@type='submit']'.</msg>
<status status="PASS" starttime="20221205 17:37:12.729" endtime="20221205 17:37:12.814"/>
</kw>
<status status="PASS" starttime="20221205 17:37:12.728" endtime="20221205 17:37:12.814"/>
</kw>
<kw name="Close Browser" library="SeleniumLibrary" type="TEARDOWN">
<doc>Closes the current browser.</doc>
<status status="PASS" starttime="20221205 17:37:12.814" endtime="20221205 17:37:14.982"/>
</kw>
<status status="PASS" starttime="20221205 17:37:10.221" endtime="20221205 17:37:14.982"/>
</test>
<test id="s1-s1-t6" name="Test change the lenguage" line="56">
<kw name=" Open login page">
<kw name="Open Browser" library="SeleniumLibrary">
<arg>${LOGIN URL}</arg>
<arg>${BROWSER}</arg>
<doc>Opens a new browser instance to the optional ``url``.</doc>
<msg timestamp="20221205 17:37:14.982" level="INFO">Opening browser 'Chrome' to base url 'https://scouts.futbolkolektyw.pl/en/'.</msg>
<status status="PASS" starttime="20221205 17:37:14.982" endtime="20221205 17:37:16.963"/>
</kw>
<kw name="Title Should Be" library="SeleniumLibrary">
<arg>Scouts panel - sign in</arg>
<doc>Verifies that the current page title equals ``title``.</doc>
<msg timestamp="20221205 17:37:16.972" level="INFO">Page title is 'Scouts panel - sign in'.</msg>
<status status="PASS" starttime="20221205 17:37:16.965" endtime="20221205 17:37:16.972"/>
</kw>
<status status="PASS" starttime="20221205 17:37:14.982" endtime="20221205 17:37:16.973"/>
</kw>
<kw name=" Click on the language button">
<kw name="Click Element" library="SeleniumLibrary">
<arg>${LANGUAGE BUTTON}</arg>
<doc>Click the element identified by ``locator``.</doc>
<msg timestamp="20221205 17:37:16.978" level="INFO">Clicking element 'xpath=//div[@role='button']'.</msg>
<status status="PASS" starttime="20221205 17:37:16.975" endtime="20221205 17:37:17.086"/>
</kw>
<kw name="Wait Until Element Is Visible" library="SeleniumLibrary">
<arg>${LIST DROPDOWN}</arg>
<doc>Waits until the element ``locator`` is visible.</doc>
<status status="PASS" starttime="20221205 17:37:17.087" endtime="20221205 17:37:17.135"/>
</kw>
<kw name="Click Element" library="SeleniumLibrary">
<arg>${POLISH LANGUAGE}</arg>
<doc>Click the element identified by ``locator``.</doc>
<msg timestamp="20221205 17:37:17.138" level="INFO">Clicking element 'xpath=//li[@data-value='pl']'.</msg>
<status status="PASS" starttime="20221205 17:37:17.136" endtime="20221205 17:37:17.260"/>
</kw>
<status status="PASS" starttime="20221205 17:37:16.974" endtime="20221205 17:37:17.261"/>
</kw>
<kw name=" Assert change language">
<kw name="Wait Until Element Is Visible" library="SeleniumLibrary">
<arg>${REMINDPASSWORD}</arg>
<doc>Waits until the element ``locator`` is visible.</doc>
<status status="PASS" starttime="20221205 17:37:17.262" endtime="20221205 17:37:17.307"/>
</kw>
<kw name="Page Should Contain" library="SeleniumLibrary">
<arg>Przypomnij hasło</arg>
<doc>Verifies that current page contains ``text``.</doc>
<msg timestamp="20221205 17:37:17.328" level="INFO">Current page contains text 'Przypomnij hasło'.</msg>
<status status="PASS" starttime="20221205 17:37:17.308" endtime="20221205 17:37:17.328"/>
</kw>
<kw name="Capture Page Screenshot" library="SeleniumLibrary">
<arg>alert1.png</arg>
<doc>Takes a screenshot of the current page and embeds it into a log file.</doc>
<msg timestamp="20221205 17:37:17.599" level="INFO" html="true">&lt;/td&gt;&lt;/tr&gt;&lt;tr&gt;&lt;td colspan="3"&gt;&lt;a href="alert1.png"&gt;&lt;img src="alert1.png" width="800px"&gt;&lt;/a&gt;</msg>
<status status="PASS" starttime="20221205 17:37:17.329" endtime="20221205 17:37:17.605"/>
</kw>
<status status="PASS" starttime="20221205 17:37:17.261" endtime="20221205 17:37:17.605"/>
</kw>
<kw name="Close Browser" library="SeleniumLibrary" type="TEARDOWN">
<doc>Closes the current browser.</doc>
<status status="PASS" starttime="20221205 17:37:17.605" endtime="20221205 17:37:19.725"/>
</kw>
<status status="PASS" starttime="20221205 17:37:14.982" endtime="20221205 17:37:19.725"/>
</test>
<doc>Suite description</doc>
<status status="FAIL" starttime="20221205 17:36:49.349" endtime="20221205 17:37:19.727"/>
</suite>
<status status="FAIL" starttime="20221205 17:36:49.304" endtime="20221205 17:37:19.731"/>
</suite>
<statistics>
<total>
<stat pass="5" fail="1" skip="0">All Tests</stat>
</total>
<tag>
</tag>
<suite>
<stat pass="5" fail="1" skip="0" id="s1" name="Challenge Robotframework">Challenge Robotframework</stat>
<stat pass="5" fail="1" skip="0" id="s1-s1" name="Test Login Rf">Challenge Robotframework.Test Login Rf</stat>
</suite>
</statistics>
<errors>
</errors>
</robot>
