<?xml version="1.0" encoding="UTF-8"?>
<robot generator="Robot 6.0.1 (Python 3.11.0 on win32)" generated="20221129 20:10:03.232" rpa="false" schemaversion="3">
<suite id="s1" name="Test Login Rf" source="C:\Users\lilhr\OneDrive\Документи\projects\challenge_robotframework\test_login_rf.robot">
<test id="s1-t1" name="Login to the system" line="20">
<kw name=" Open login page">
<kw name="Open Browser" library="SeleniumLibrary">
<arg>${LOGIN URL}</arg>
<arg>${BROWSER}</arg>
<doc>Opens a new browser instance to the optional ``url``.</doc>
<msg timestamp="20221129 20:10:03.579" level="INFO">Opening browser 'Chrome' to base url 'https://scouts-test.futbolkolektyw.pl/en'.</msg>
<status status="PASS" starttime="20221129 20:10:03.579" endtime="20221129 20:10:05.462"/>
</kw>
<kw name="Title Should Be" library="SeleniumLibrary">
<arg>Scouts panel - sign in</arg>
<doc>Verifies that the current page title equals ``title``.</doc>
<msg timestamp="20221129 20:10:05.471" level="INFO">Page title is 'Scouts panel - sign in'.</msg>
<status status="PASS" starttime="20221129 20:10:05.462" endtime="20221129 20:10:05.471"/>
</kw>
<status status="PASS" starttime="20221129 20:10:03.579" endtime="20221129 20:10:05.471"/>
</kw>
<kw name=" Type in email">
<kw name="Input Text" library="SeleniumLibrary">
<arg>${EMAILINPUT}</arg>
<arg>user01@getnada.com</arg>
<doc>Types the given ``text`` into the text field identified by ``locator``.</doc>
<msg timestamp="20221129 20:10:05.473" level="INFO">Typing text 'user01@getnada.com' into text field 'xpath=//input[@name='login']'.</msg>
<status status="PASS" starttime="20221129 20:10:05.472" endtime="20221129 20:10:05.657"/>
</kw>
<status status="PASS" starttime="20221129 20:10:05.472" endtime="20221129 20:10:05.657"/>
</kw>
<kw name=" Type in password">
<kw name="Input Text" library="SeleniumLibrary">
<arg>${PASSWORDINPUT}</arg>
<arg>Test-1234</arg>
<doc>Types the given ``text`` into the text field identified by ``locator``.</doc>
<msg timestamp="20221129 20:10:05.659" level="INFO">Typing text 'Test-1234' into text field 'xpath=//input[@id='password']'.</msg>
<status status="PASS" starttime="20221129 20:10:05.658" endtime="20221129 20:10:05.775"/>
</kw>
<status status="PASS" starttime="20221129 20:10:05.658" endtime="20221129 20:10:05.776"/>
</kw>
<kw name=" Click on the submit button">
<kw name="Click Element" library="SeleniumLibrary">
<arg>${SIGN IN BUTTON}</arg>
<doc>Click the element identified by ``locator``.</doc>
<msg timestamp="20221129 20:10:05.777" level="INFO">Clicking element 'xpath=//button[@type='submit']'.</msg>
<status status="PASS" starttime="20221129 20:10:05.776" endtime="20221129 20:10:05.829"/>
</kw>
<status status="PASS" starttime="20221129 20:10:05.776" endtime="20221129 20:10:05.829"/>
</kw>
<kw name=" Assert dashboard">
<kw name="Wait Until Element Is Visible" library="SeleniumLibrary">
<arg>${PAGE LOGO}</arg>
<doc>Waits until the element ``locator`` is visible.</doc>
<status status="PASS" starttime="20221129 20:10:05.831" endtime="20221129 20:10:07.465"/>
</kw>
<kw name="Title Should Be" library="SeleniumLibrary">
<arg>Scouts panel</arg>
<doc>Verifies that the current page title equals ``title``.</doc>
<msg timestamp="20221129 20:10:07.474" level="INFO">Page title is 'Scouts panel'.</msg>
<status status="PASS" starttime="20221129 20:10:07.465" endtime="20221129 20:10:07.474"/>
</kw>
<kw name="Capture Page Screenshot" library="SeleniumLibrary">
<arg>alert.png</arg>
<doc>Takes a screenshot of the current page and embeds it into a log file.</doc>
<msg timestamp="20221129 20:10:07.651" level="INFO" html="true">&lt;/td&gt;&lt;/tr&gt;&lt;tr&gt;&lt;td colspan="3"&gt;&lt;a href="alert.png"&gt;&lt;img src="alert.png" width="800px"&gt;&lt;/a&gt;</msg>
<status status="PASS" starttime="20221129 20:10:07.475" endtime="20221129 20:10:07.651"/>
</kw>
<status status="PASS" starttime="20221129 20:10:05.830" endtime="20221129 20:10:07.651"/>
</kw>
<kw name="Close Browser" library="SeleniumLibrary" type="TEARDOWN">
<doc>Closes the current browser.</doc>
<status status="PASS" starttime="20221129 20:10:07.651" endtime="20221129 20:10:09.754"/>
</kw>
<status status="PASS" starttime="20221129 20:10:03.579" endtime="20221129 20:10:09.754"/>
</test>
<test id="s1-t2" name="Check the title" line="28">
<kw name="Open Browser" library="SeleniumLibrary">
<arg>${LOGIN URL}</arg>
<arg>${BROWSER}</arg>
<doc>Opens a new browser instance to the optional ``url``.</doc>
<msg timestamp="20221129 20:10:09.754" level="INFO">Opening browser 'Chrome' to base url 'https://scouts-test.futbolkolektyw.pl/en'.</msg>
<status status="PASS" starttime="20221129 20:10:09.754" endtime="20221129 20:10:11.430"/>
</kw>
<kw name="Title Should Be" library="SeleniumLibrary">
<arg>Scouts panel - sign in</arg>
<doc>Verifies that the current page title equals ``title``.</doc>
<msg timestamp="20221129 20:10:11.430" level="INFO">Page title is 'Scouts panel - sign in'.</msg>
<status status="PASS" starttime="20221129 20:10:11.430" endtime="20221129 20:10:11.430"/>
</kw>
<kw name="Close Browser" library="SeleniumLibrary" type="TEARDOWN">
<doc>Closes the current browser.</doc>
<status status="PASS" starttime="20221129 20:10:11.430" endtime="20221129 20:10:13.531"/>
</kw>
<status status="PASS" starttime="20221129 20:10:09.754" endtime="20221129 20:10:13.531"/>
</test>
<test id="s1-t3" name="Test wrong credentials" line="33">
<kw name=" Open login page">
<kw name="Open Browser" library="SeleniumLibrary">
<arg>${LOGIN URL}</arg>
<arg>${BROWSER}</arg>
<doc>Opens a new browser instance to the optional ``url``.</doc>
<msg timestamp="20221129 20:10:13.531" level="INFO">Opening browser 'Chrome' to base url 'https://scouts-test.futbolkolektyw.pl/en'.</msg>
<status status="PASS" starttime="20221129 20:10:13.531" endtime="20221129 20:10:15.316"/>
</kw>
<kw name="Title Should Be" library="SeleniumLibrary">
<arg>Scouts panel - sign in</arg>
<doc>Verifies that the current page title equals ``title``.</doc>
<msg timestamp="20221129 20:10:15.320" level="INFO">Page title is 'Scouts panel - sign in'.</msg>
<status status="PASS" starttime="20221129 20:10:15.316" endtime="20221129 20:10:15.320"/>
</kw>
<status status="PASS" starttime="20221129 20:10:13.531" endtime="20221129 20:10:15.321"/>
</kw>
<kw name=" Type in wrong email">
<kw name="Input Text" library="SeleniumLibrary">
<arg>${EMAILINPUT}</arg>
<arg>user@getnada.com</arg>
<doc>Types the given ``text`` into the text field identified by ``locator``.</doc>
<msg timestamp="20221129 20:10:15.322" level="INFO">Typing text 'user@getnada.com' into text field 'xpath=//input[@name='login']'.</msg>
<status status="PASS" starttime="20221129 20:10:15.321" endtime="20221129 20:10:15.514"/>
</kw>
<status status="PASS" starttime="20221129 20:10:15.321" endtime="20221129 20:10:15.514"/>
</kw>
<kw name=" Type in wrong password">
<kw name="Input Text" library="SeleniumLibrary">
<arg>${PASSWORDINPUT}</arg>
<arg>Test-12345</arg>
<doc>Types the given ``text`` into the text field identified by ``locator``.</doc>
<msg timestamp="20221129 20:10:15.516" level="INFO">Typing text 'Test-12345' into text field 'xpath=//input[@id='password']'.</msg>
<status status="PASS" starttime="20221129 20:10:15.515" endtime="20221129 20:10:15.630"/>
</kw>
<status status="PASS" starttime="20221129 20:10:15.515" endtime="20221129 20:10:15.630"/>
</kw>
<kw name=" Click on the submit button">
<kw name="Click Element" library="SeleniumLibrary">
<arg>${SIGN IN BUTTON}</arg>
<doc>Click the element identified by ``locator``.</doc>
<msg timestamp="20221129 20:10:15.631" level="INFO">Clicking element 'xpath=//button[@type='submit']'.</msg>
<status status="PASS" starttime="20221129 20:10:15.631" endtime="20221129 20:10:15.682"/>
</kw>
<status status="PASS" starttime="20221129 20:10:15.630" endtime="20221129 20:10:15.682"/>
</kw>
<kw name=" Assert remind password">
<kw name="Wait Until Element Is Visible" library="SeleniumLibrary">
<arg>${REMINDPASSWORD}</arg>
<doc>Waits until the element ``locator`` is visible.</doc>
<status status="PASS" starttime="20221129 20:10:15.683" endtime="20221129 20:10:15.708"/>
</kw>
<kw name="Page Should Contain" library="SeleniumLibrary">
<arg>Remind password</arg>
<doc>Verifies that current page contains ``text``.</doc>
<msg timestamp="20221129 20:10:15.728" level="INFO">Current page contains text 'Remind password'.</msg>
<status status="PASS" starttime="20221129 20:10:15.708" endtime="20221129 20:10:15.728"/>
</kw>
<kw name="Capture Page Screenshot" library="SeleniumLibrary">
<arg>alert.png</arg>
<doc>Takes a screenshot of the current page and embeds it into a log file.</doc>
<msg timestamp="20221129 20:10:15.971" level="INFO" html="true">&lt;/td&gt;&lt;/tr&gt;&lt;tr&gt;&lt;td colspan="3"&gt;&lt;a href="alert.png"&gt;&lt;img src="alert.png" width="800px"&gt;&lt;/a&gt;</msg>
<status status="PASS" starttime="20221129 20:10:15.728" endtime="20221129 20:10:15.971"/>
</kw>
<status status="PASS" starttime="20221129 20:10:15.682" endtime="20221129 20:10:15.971"/>
</kw>
<kw name="Close Browser" library="SeleniumLibrary" type="TEARDOWN">
<doc>Closes the current browser.</doc>
<status status="PASS" starttime="20221129 20:10:15.971" endtime="20221129 20:10:18.069"/>
</kw>
<status status="PASS" starttime="20221129 20:10:13.531" endtime="20221129 20:10:18.069"/>
</test>
<test id="s1-t4" name="Test remind password" line="41">
<kw name=" Open login page">
<kw name="Open Browser" library="SeleniumLibrary">
<arg>${LOGIN URL}</arg>
<arg>${BROWSER}</arg>
<doc>Opens a new browser instance to the optional ``url``.</doc>
<msg timestamp="20221129 20:10:18.071" level="INFO">Opening browser 'Chrome' to base url 'https://scouts-test.futbolkolektyw.pl/en'.</msg>
<status status="PASS" starttime="20221129 20:10:18.071" endtime="20221129 20:10:21.789"/>
</kw>
<kw name="Title Should Be" library="SeleniumLibrary">
<arg>Scouts panel - sign in</arg>
<doc>Verifies that the current page title equals ``title``.</doc>
<msg timestamp="20221129 20:10:21.796" level="INFO">Page title is 'Scouts panel - sign in'.</msg>
<status status="PASS" starttime="20221129 20:10:21.789" endtime="20221129 20:10:21.796"/>
</kw>
<status status="PASS" starttime="20221129 20:10:18.071" endtime="20221129 20:10:21.796"/>
</kw>
<kw name=" Type in wrong email">
<kw name="Input Text" library="SeleniumLibrary">
<arg>${EMAILINPUT}</arg>
<arg>user@getnada.com</arg>
<doc>Types the given ``text`` into the text field identified by ``locator``.</doc>
<msg timestamp="20221129 20:10:21.798" level="INFO">Typing text 'user@getnada.com' into text field 'xpath=//input[@name='login']'.</msg>
<status status="PASS" starttime="20221129 20:10:21.798" endtime="20221129 20:10:21.971"/>
</kw>
<status status="PASS" starttime="20221129 20:10:21.797" endtime="20221129 20:10:21.971"/>
</kw>
<kw name=" Type in wrong password">
<kw name="Input Text" library="SeleniumLibrary">
<arg>${PASSWORDINPUT}</arg>
<arg>Test-12345</arg>
<doc>Types the given ``text`` into the text field identified by ``locator``.</doc>
<msg timestamp="20221129 20:10:21.972" level="INFO">Typing text 'Test-12345' into text field 'xpath=//input[@id='password']'.</msg>
<status status="PASS" starttime="20221129 20:10:21.972" endtime="20221129 20:10:22.086"/>
</kw>
<status status="PASS" starttime="20221129 20:10:21.971" endtime="20221129 20:10:22.086"/>
</kw>
<kw name=" Click on the submit button">
<kw name="Click Element" library="SeleniumLibrary">
<arg>${SIGN IN BUTTON}</arg>
<doc>Click the element identified by ``locator``.</doc>
<msg timestamp="20221129 20:10:22.087" level="INFO">Clicking element 'xpath=//button[@type='submit']'.</msg>
<status status="PASS" starttime="20221129 20:10:22.087" endtime="20221129 20:10:22.138"/>
</kw>
<status status="PASS" starttime="20221129 20:10:22.086" endtime="20221129 20:10:22.138"/>
</kw>
<kw name=" Click on the remind password button">
<kw name="Wait Until Element Is Visible" library="SeleniumLibrary">
<arg>${REMINDPASSWORD}</arg>
<doc>Waits until the element ``locator`` is visible.</doc>
<status status="PASS" starttime="20221129 20:10:22.139" endtime="20221129 20:10:22.162"/>
</kw>
<kw name="Click Element" library="SeleniumLibrary">
<arg>${REMINDPASSWORD}</arg>
<doc>Click the element identified by ``locator``.</doc>
<msg timestamp="20221129 20:10:22.163" level="INFO">Clicking element 'xpath=//*[@id="__next"]/form/div/div[1]/a'.</msg>
<status status="PASS" starttime="20221129 20:10:22.162" endtime="20221129 20:10:22.207"/>
</kw>
<kw name="Title Should Be" library="SeleniumLibrary">
<arg>Remind password</arg>
<doc>Verifies that the current page title equals ``title``.</doc>
<msg timestamp="20221129 20:10:22.223" level="INFO">Page title is 'Remind password'.</msg>
<status status="PASS" starttime="20221129 20:10:22.207" endtime="20221129 20:10:22.223"/>
</kw>
<status status="PASS" starttime="20221129 20:10:22.139" endtime="20221129 20:10:22.223"/>
</kw>
<kw name="Close Browser" library="SeleniumLibrary" type="TEARDOWN">
<doc>Closes the current browser.</doc>
<status status="PASS" starttime="20221129 20:10:22.224" endtime="20221129 20:10:24.305"/>
</kw>
<status status="PASS" starttime="20221129 20:10:18.071" endtime="20221129 20:10:24.305"/>
</test>
<test id="s1-t5" name="Test sign out" line="49">
<kw name=" Open login page">
<kw name="Open Browser" library="SeleniumLibrary">
<arg>${LOGIN URL}</arg>
<arg>${BROWSER}</arg>
<doc>Opens a new browser instance to the optional ``url``.</doc>
<msg timestamp="20221129 20:10:24.305" level="INFO">Opening browser 'Chrome' to base url 'https://scouts-test.futbolkolektyw.pl/en'.</msg>
<status status="PASS" starttime="20221129 20:10:24.305" endtime="20221129 20:10:25.970"/>
</kw>
<kw name="Title Should Be" library="SeleniumLibrary">
<arg>Scouts panel - sign in</arg>
<doc>Verifies that the current page title equals ``title``.</doc>
<msg timestamp="20221129 20:10:25.974" level="INFO">Page title is 'Scouts panel - sign in'.</msg>
<status status="PASS" starttime="20221129 20:10:25.970" endtime="20221129 20:10:25.974"/>
</kw>
<status status="PASS" starttime="20221129 20:10:24.305" endtime="20221129 20:10:25.975"/>
</kw>
<kw name=" Type in email">
<kw name="Input Text" library="SeleniumLibrary">
<arg>${EMAILINPUT}</arg>
<arg>user01@getnada.com</arg>
<doc>Types the given ``text`` into the text field identified by ``locator``.</doc>
<msg timestamp="20221129 20:10:25.976" level="INFO">Typing text 'user01@getnada.com' into text field 'xpath=//input[@name='login']'.</msg>
<status status="PASS" starttime="20221129 20:10:25.975" endtime="20221129 20:10:26.194"/>
</kw>
<status status="PASS" starttime="20221129 20:10:25.975" endtime="20221129 20:10:26.194"/>
</kw>
<kw name=" Type in password">
<kw name="Input Text" library="SeleniumLibrary">
<arg>${PASSWORDINPUT}</arg>
<arg>Test-1234</arg>
<doc>Types the given ``text`` into the text field identified by ``locator``.</doc>
<msg timestamp="20221129 20:10:26.196" level="INFO">Typing text 'Test-1234' into text field 'xpath=//input[@id='password']'.</msg>
<status status="PASS" starttime="20221129 20:10:26.195" endtime="20221129 20:10:26.337"/>
</kw>
<status status="PASS" starttime="20221129 20:10:26.195" endtime="20221129 20:10:26.338"/>
</kw>
<kw name=" Click on the submit button">
<kw name="Click Element" library="SeleniumLibrary">
<arg>${SIGN IN BUTTON}</arg>
<doc>Click the element identified by ``locator``.</doc>
<msg timestamp="20221129 20:10:26.339" level="INFO">Clicking element 'xpath=//button[@type='submit']'.</msg>
<status status="PASS" starttime="20221129 20:10:26.338" endtime="20221129 20:10:26.385"/>
</kw>
<status status="PASS" starttime="20221129 20:10:26.338" endtime="20221129 20:10:26.385"/>
</kw>
<kw name="Close Browser" library="SeleniumLibrary" type="TEARDOWN">
<doc>Closes the current browser.</doc>
<status status="PASS" starttime="20221129 20:10:26.386" endtime="20221129 20:10:28.487"/>
</kw>
<status status="PASS" starttime="20221129 20:10:24.305" endtime="20221129 20:10:28.487"/>
</test>
<test id="s1-t6" name="Test change the lenguage" line="56">
<kw name=" Open login page">
<kw name="Open Browser" library="SeleniumLibrary">
<arg>${LOGIN URL}</arg>
<arg>${BROWSER}</arg>
<doc>Opens a new browser instance to the optional ``url``.</doc>
<msg timestamp="20221129 20:10:28.493" level="INFO">Opening browser 'Chrome' to base url 'https://scouts-test.futbolkolektyw.pl/en'.</msg>
<status status="PASS" starttime="20221129 20:10:28.493" endtime="20221129 20:10:30.275"/>
</kw>
<kw name="Title Should Be" library="SeleniumLibrary">
<arg>Scouts panel - sign in</arg>
<doc>Verifies that the current page title equals ``title``.</doc>
<msg timestamp="20221129 20:10:30.281" level="INFO">Page title is 'Scouts panel - sign in'.</msg>
<status status="PASS" starttime="20221129 20:10:30.275" endtime="20221129 20:10:30.281"/>
</kw>
<status status="PASS" starttime="20221129 20:10:28.487" endtime="20221129 20:10:30.282"/>
</kw>
<kw name=" Click on the language button">
<kw name="Click Element" library="SeleniumLibrary">
<arg>${LANGUAGE BUTTON}</arg>
<doc>Click the element identified by ``locator``.</doc>
<msg timestamp="20221129 20:10:30.282" level="INFO">Clicking element 'xpath=//div[@role='button']'.</msg>
<status status="PASS" starttime="20221129 20:10:30.282" endtime="20221129 20:10:30.340"/>
</kw>
<kw name="Wait Until Element Is Visible" library="SeleniumLibrary">
<arg>${LIST DROPDOWN}</arg>
<doc>Waits until the element ``locator`` is visible.</doc>
<status status="PASS" starttime="20221129 20:10:30.340" endtime="20221129 20:10:30.388"/>
</kw>
<kw name="Click Element" library="SeleniumLibrary">
<arg>${POLISH LANGUAGE}</arg>
<doc>Click the element identified by ``locator``.</doc>
<msg timestamp="20221129 20:10:30.391" level="INFO">Clicking element 'xpath=//li[@data-value='pl']'.</msg>
<status status="PASS" starttime="20221129 20:10:30.388" endtime="20221129 20:10:30.475"/>
</kw>
<status status="PASS" starttime="20221129 20:10:30.282" endtime="20221129 20:10:30.475"/>
</kw>
<kw name=" Assert change language">
<kw name="Wait Until Element Is Visible" library="SeleniumLibrary">
<arg>${REMINDPASSWORD}</arg>
<doc>Waits until the element ``locator`` is visible.</doc>
<status status="PASS" starttime="20221129 20:10:30.477" endtime="20221129 20:10:30.516"/>
</kw>
<kw name="Page Should Contain" library="SeleniumLibrary">
<arg>Przypomnij hasło</arg>
<doc>Verifies that current page contains ``text``.</doc>
<msg timestamp="20221129 20:10:30.532" level="INFO">Current page contains text 'Przypomnij hasło'.</msg>
<status status="PASS" starttime="20221129 20:10:30.516" endtime="20221129 20:10:30.532"/>
</kw>
<kw name="Capture Page Screenshot" library="SeleniumLibrary">
<arg>alert1.png</arg>
<doc>Takes a screenshot of the current page and embeds it into a log file.</doc>
<msg timestamp="20221129 20:10:30.726" level="INFO" html="true">&lt;/td&gt;&lt;/tr&gt;&lt;tr&gt;&lt;td colspan="3"&gt;&lt;a href="alert1.png"&gt;&lt;img src="alert1.png" width="800px"&gt;&lt;/a&gt;</msg>
<status status="PASS" starttime="20221129 20:10:30.532" endtime="20221129 20:10:30.726"/>
</kw>
<status status="PASS" starttime="20221129 20:10:30.476" endtime="20221129 20:10:30.726"/>
</kw>
<kw name="Close Browser" library="SeleniumLibrary" type="TEARDOWN">
<doc>Closes the current browser.</doc>
<status status="PASS" starttime="20221129 20:10:30.726" endtime="20221129 20:10:32.812"/>
</kw>
<status status="PASS" starttime="20221129 20:10:28.487" endtime="20221129 20:10:32.812"/>
</test>
<doc>Suite description</doc>
<status status="PASS" starttime="20221129 20:10:03.232" endtime="20221129 20:10:32.812"/>
</suite>
<statistics>
<total>
<stat pass="6" fail="0" skip="0">All Tests</stat>
</total>
<tag>
</tag>
<suite>
<stat pass="6" fail="0" skip="0" id="s1" name="Test Login Rf">Test Login Rf</stat>
</suite>
</statistics>
<errors>
</errors>
</robot>
