<?xml version="1.0" encoding="UTF-8"?>
<robot generator="Robot 6.0.1 (Python 3.11.0 on win32)" generated="20221205 20:41:24.497" rpa="false" schemaversion="3">
<suite id="s1" name="Test Login Rf" source="C:\Users\lilhr\OneDrive\Документи\projects\challenge_robotframework\test_login_rf.robot">
<test id="s1-t1" name="Login to the system" line="20">
<kw name=" Open login page">
<kw name="Open Browser" library="SeleniumLibrary">
<arg>${LOGIN URL}</arg>
<arg>${BROWSER}</arg>
<doc>Opens a new browser instance to the optional ``url``.</doc>
<msg timestamp="20221205 20:41:24.752" level="INFO">Opening browser 'Chrome' to base url 'https://scouts.futbolkolektyw.pl/en/'.</msg>
<status status="PASS" starttime="20221205 20:41:24.752" endtime="20221205 20:41:36.872"/>
</kw>
<kw name="Title Should Be" library="SeleniumLibrary">
<arg>Scouts panel - sign in</arg>
<doc>Verifies that the current page title equals ``title``.</doc>
<msg timestamp="20221205 20:41:36.877" level="INFO">Page title is 'Scouts panel - sign in'.</msg>
<status status="PASS" starttime="20221205 20:41:36.873" endtime="20221205 20:41:36.877"/>
</kw>
<status status="PASS" starttime="20221205 20:41:24.752" endtime="20221205 20:41:36.877"/>
</kw>
<kw name=" Type in email">
<kw name="Input Text" library="SeleniumLibrary">
<arg>${EMAILINPUT}</arg>
<arg>user01@getnada.com</arg>
<doc>Types the given ``text`` into the text field identified by ``locator``.</doc>
<msg timestamp="20221205 20:41:36.878" level="INFO">Typing text 'user01@getnada.com' into text field 'xpath=//input[@name='login']'.</msg>
<status status="PASS" starttime="20221205 20:41:36.878" endtime="20221205 20:41:37.022"/>
</kw>
<status status="PASS" starttime="20221205 20:41:36.877" endtime="20221205 20:41:37.023"/>
</kw>
<kw name=" Type in password">
<kw name="Input Text" library="SeleniumLibrary">
<arg>${PASSWORDINPUT}</arg>
<arg>Test-1234</arg>
<doc>Types the given ``text`` into the text field identified by ``locator``.</doc>
<msg timestamp="20221205 20:41:37.024" level="INFO">Typing text 'Test-1234' into text field 'xpath=//input[@id='password']'.</msg>
<status status="PASS" starttime="20221205 20:41:37.023" endtime="20221205 20:41:37.120"/>
</kw>
<status status="PASS" starttime="20221205 20:41:37.023" endtime="20221205 20:41:37.120"/>
</kw>
<kw name=" Click on the submit button">
<kw name="Click Element" library="SeleniumLibrary">
<arg>${SIGN IN BUTTON}</arg>
<doc>Click the element identified by ``locator``.</doc>
<msg timestamp="20221205 20:41:37.122" level="INFO">Clicking element 'xpath=//button[@type='submit']'.</msg>
<status status="PASS" starttime="20221205 20:41:37.121" endtime="20221205 20:41:37.164"/>
</kw>
<status status="PASS" starttime="20221205 20:41:37.121" endtime="20221205 20:41:37.164"/>
</kw>
<kw name=" Assert dashboard">
<kw name="Wait Until Element Is Visible" library="SeleniumLibrary">
<arg>${PAGE LOGO}</arg>
<doc>Waits until the element ``locator`` is visible.</doc>
<status status="PASS" starttime="20221205 20:41:37.165" endtime="20221205 20:41:39.031"/>
</kw>
<kw name="Title Should Be" library="SeleniumLibrary">
<arg>Scouts panel</arg>
<doc>Verifies that the current page title equals ``title``.</doc>
<msg timestamp="20221205 20:41:39.196" level="INFO" html="true">&lt;/td&gt;&lt;/tr&gt;&lt;tr&gt;&lt;td colspan="3"&gt;&lt;a href="selenium-screenshot-17.png"&gt;&lt;img src="selenium-screenshot-17.png" width="800px"&gt;&lt;/a&gt;</msg>
<msg timestamp="20221205 20:41:39.197" level="FAIL">Title should have been 'Scouts panel' but was 'PANEL SKAUTINGOWY'.</msg>
<status status="FAIL" starttime="20221205 20:41:39.031" endtime="20221205 20:41:39.239"/>
</kw>
<kw name="Capture Page Screenshot" library="SeleniumLibrary">
<arg>alert.png</arg>
<doc>Takes a screenshot of the current page and embeds it into a log file.</doc>
<status status="NOT RUN" starttime="20221205 20:41:39.239" endtime="20221205 20:41:39.240"/>
</kw>
<status status="FAIL" starttime="20221205 20:41:37.165" endtime="20221205 20:41:39.240"/>
</kw>
<kw name="Close Browser" library="SeleniumLibrary" type="TEARDOWN">
<doc>Closes the current browser.</doc>
<status status="PASS" starttime="20221205 20:41:39.240" endtime="20221205 20:41:41.336"/>
</kw>
<status status="FAIL" starttime="20221205 20:41:24.752" endtime="20221205 20:41:41.336">Title should have been 'Scouts panel' but was 'PANEL SKAUTINGOWY'.</status>
</test>
<doc>Suite description</doc>
<status status="FAIL" starttime="20221205 20:41:24.497" endtime="20221205 20:41:41.336"/>
</suite>
<statistics>
<total>
<stat pass="0" fail="1" skip="0">All Tests</stat>
</total>
<tag>
</tag>
<suite>
<stat pass="0" fail="1" skip="0" id="s1" name="Test Login Rf">Test Login Rf</stat>
</suite>
</statistics>
<errors>
</errors>
</robot>
