<?xml version="1.0" encoding="UTF-8"?>
<robot generator="Robot 6.0.1 (Python 3.11.0 on win32)" generated="20221129 19:57:27.903" rpa="false" schemaversion="3">
<suite id="s1" name="Test Login Rf" source="C:\Users\lilhr\OneDrive\Документи\projects\challenge_robotframework\test_login_rf.robot">
<test id="s1-t1" name="Test change the lenguage" line="51">
<kw name=" Open login page">
<kw name="Open Browser" library="SeleniumLibrary">
<arg>${LOGIN URL}</arg>
<arg>${BROWSER}</arg>
<doc>Opens a new browser instance to the optional ``url``.</doc>
<msg timestamp="20221129 19:57:28.212" level="INFO">Opening browser 'Chrome' to base url 'https://scouts-test.futbolkolektyw.pl/en'.</msg>
<status status="PASS" starttime="20221129 19:57:28.212" endtime="20221129 19:57:29.997"/>
</kw>
<kw name="Title Should Be" library="SeleniumLibrary">
<arg>Scouts panel - sign in</arg>
<doc>Verifies that the current page title equals ``title``.</doc>
<msg timestamp="20221129 19:57:30.003" level="INFO">Page title is 'Scouts panel - sign in'.</msg>
<status status="PASS" starttime="20221129 19:57:29.997" endtime="20221129 19:57:30.003"/>
</kw>
<status status="PASS" starttime="20221129 19:57:28.212" endtime="20221129 19:57:30.003"/>
</kw>
<kw name=" Click on the language button">
<kw name="Click Element" library="SeleniumLibrary">
<arg>${LANGUAGE BUTTON}</arg>
<doc>Click the element identified by ``locator``.</doc>
<msg timestamp="20221129 19:57:30.004" level="INFO">Clicking element 'xpath=//div[@role='button']'.</msg>
<status status="PASS" starttime="20221129 19:57:30.003" endtime="20221129 19:57:30.061"/>
</kw>
<kw name="Wait Until Element Is Visible" library="SeleniumLibrary">
<arg>${LIST DROPDOWN}</arg>
<doc>Waits until the element ``locator`` is visible.</doc>
<status status="PASS" starttime="20221129 19:57:30.061" endtime="20221129 19:57:30.111"/>
</kw>
<kw name="Click Element" library="SeleniumLibrary">
<arg>${POLISH LANGUAGE}</arg>
<doc>Click the element identified by ``locator``.</doc>
<msg timestamp="20221129 19:57:30.111" level="INFO">Clicking element 'xpath=//li[@data-value='pl']'.</msg>
<status status="PASS" starttime="20221129 19:57:30.111" endtime="20221129 19:57:30.188"/>
</kw>
<status status="PASS" starttime="20221129 19:57:30.003" endtime="20221129 19:57:30.189"/>
</kw>
<kw name=" Assert change language">
<kw name="Wait Until Element Is Visible" library="SeleniumLibrary">
<arg>${REMINDPASSWORD}</arg>
<doc>Waits until the element ``locator`` is visible.</doc>
<status status="PASS" starttime="20221129 19:57:30.190" endtime="20221129 19:57:30.224"/>
</kw>
<kw name="Page Should Contain" library="SeleniumLibrary">
<arg>Przypomnij hasło</arg>
<doc>Verifies that current page contains ``text``.</doc>
<msg timestamp="20221129 19:57:30.238" level="INFO">Current page contains text 'Przypomnij hasło'.</msg>
<status status="PASS" starttime="20221129 19:57:30.224" endtime="20221129 19:57:30.238"/>
</kw>
<kw name="Capture Page Screenshot" library="SeleniumLibrary">
<arg>alert1.png</arg>
<doc>Takes a screenshot of the current page and embeds it into a log file.</doc>
<msg timestamp="20221129 19:57:30.545" level="INFO" html="true">&lt;/td&gt;&lt;/tr&gt;&lt;tr&gt;&lt;td colspan="3"&gt;&lt;a href="alert1.png"&gt;&lt;img src="alert1.png" width="800px"&gt;&lt;/a&gt;</msg>
<status status="PASS" starttime="20221129 19:57:30.238" endtime="20221129 19:57:30.546"/>
</kw>
<status status="PASS" starttime="20221129 19:57:30.189" endtime="20221129 19:57:30.546"/>
</kw>
<status status="PASS" starttime="20221129 19:57:28.196" endtime="20221129 19:57:30.546"/>
</test>
<doc>Suite description</doc>
<status status="PASS" starttime="20221129 19:57:27.903" endtime="20221129 19:57:30.547"/>
</suite>
<statistics>
<total>
<stat pass="1" fail="0" skip="0">All Tests</stat>
</total>
<tag>
</tag>
<suite>
<stat pass="1" fail="0" skip="0" id="s1" name="Test Login Rf">Test Login Rf</stat>
</suite>
</statistics>
<errors>
</errors>
</robot>
